main/build/outputs/logs/manifest-merger-release-report.txt
-- Merging decision tree log ---
manifest
ADDED from workspace1\main\AndroidManifest.xml:1:1-5:12
INJECTED from workspace1\main\AndroidManifest.xml:1:1-5:12
INJECTED from workspace1\main\AndroidManifest.xml:1:1-5:12
	package
		ADDED from workspace1\main\AndroidManifest.xml:2:5-36
		INJECTED from workspace1\main\AndroidManifest.xml
		INJECTED from workspace1\main\AndroidManifest.xml
	xmlns:android
		ADDED from workspace1\main\AndroidManifest.xml:1:11-69